<?xml version="1.0" encoding="UTF-8"?>

<mule xmlns:sfdc="http://www.mulesoft.org/schema/mule/sfdc"
	xmlns:json="http://www.mulesoft.org/schema/mule/json" xmlns="http://www.mulesoft.org/schema/mule/core"
	xmlns:doc="http://www.mulesoft.org/schema/mule/documentation"
	xmlns:spring="http://www.springframework.org/schema/beans" version="EE-3.7.0"
	xmlns:xsi="http://www.w3.org/2001/XMLSchema-instance"
	xsi:schemaLocation="http://www.springframework.org/schema/beans http://www.springframework.org/schema/beans/spring-beans-current.xsd
http://www.mulesoft.org/schema/mule/core http://www.mulesoft.org/schema/mule/core/current/mule.xsd
http://www.mulesoft.org/schema/mule/sfdc http://www.mulesoft.org/schema/mule/sfdc/current/mule-sfdc.xsd
http://www.mulesoft.org/schema/mule/json http://www.mulesoft.org/schema/mule/json/current/mule-json.xsd">



	<sfdc:config name="TestSalesforceA" username="${test.sfdc.a.username}"
		password="${test.sfdc.a.password}" securityToken="${test.sfdc.a.securityToken}"
		url="${test.sfdc.a.url}" doc:name="Salesforce"
		doc:description="One of your SalesForce instances, order does not matter.">
		<sfdc:connection-pooling-profile
			initialisationPolicy="INITIALISE_ONE" exhaustedAction="WHEN_EXHAUSTED_GROW" />
	</sfdc:config>

	<sfdc:config name="TestSalesforceB" username="${test.sfdc.b.username}"
		password="${test.sfdc.b.password}" securityToken="${test.sfdc.b.securityToken}"
		url="${test.sfdc.b.url}" doc:name="Salesforce"
		doc:description="Your other SalesForce instances, order does not matter.">
		<sfdc:connection-pooling-profile
			initialisationPolicy="INITIALISE_ONE" exhaustedAction="WHEN_EXHAUSTED_GROW" />
	</sfdc:config>
    <sub-flow name="updateUserInAFlow" >
         <sfdc:upsert config-ref="TestSalesforceA" externalIdFieldName="Id" type="User" doc:name="Update user in A">
             <sfdc:objects ref="#[payload]"/>
         </sfdc:upsert>
        <logger level="INFO" message="Update User in A result: #[payload]" doc:name="Logger"/>
    </sub-flow>
    <sub-flow name="updateUserInBFlow" >
         <sfdc:upsert config-ref="TestSalesforceB" externalIdFieldName="Id" type="User" doc:name="Update user in B">
             <sfdc:objects ref="#[payload]"/>
         </sfdc:upsert>
        <logger level="INFO" message="Update User in B result: #[payload]" doc:name="Logger"/>
    </sub-flow>
    <sub-flow name="queryUserFromAFlow" >
        <sfdc:query-single config-ref="SalesforceA" query="SELECT Id, Email, FirstName, LastName, Alias, Title, TimeZoneSidKey, LocaleSidKey, EmailEncodingKey, ProfileId, LanguageLocaleKey FROM User WHERE Email = '#[payload['Email']]'" doc:name="Query user in A"/>
        <logger level="INFO" message="Query user from A result: #[payload]" doc:name="Logger"/>
    </sub-flow>
    <sub-flow name="queryUserFromBFlow" >
        <sfdc:query-single config-ref="SalesforceB" query="SELECT Id, Email, FirstName, LastName, Alias, Title, TimeZoneSidKey, LocaleSidKey, EmailEncodingKey, ProfileId, LanguageLocaleKey FROM User WHERE Email = '#[payload['Email']]'" doc:name="Query user in B"/>
        <logger level="INFO" message="Query user from B result: #[payload]" doc:name="Logger"/>
    </sub-flow>

</mule>